This is e-upTeX, Version 3.141592653-p4.1.1-u1.30-230214-2.6 (utf8.euc) (TeX Live 2024) (preloaded format=platex 2024.3.22)  3 JAN 2026 13:25
entering extended mode
 restricted \write18 enabled.
 %&-line parsing enabled.
**/Users/yamamoto/Desktop/EMBC2026/previous.tex -halt-on-error
(/Users/yamamoto/Desktop/EMBC2026/previous.tex
pLaTeX2e <2023-02-14>+1, based on
LaTeX2e <2023-11-01> patch level 1
L3 programming layer <2024-02-20>
(./IEEEtran.cls
Document Class: IEEEtran 2015/08/26 V1.8b by Michael Shell
-- See the "IEEEtran_HOWTO" manual for usage information.
-- http://www.michaelshell.org/tex/ieeetran/
\@IEEEtrantmpdimenA=\dimen156
\@IEEEtrantmpdimenB=\dimen157
\@IEEEtrantmpdimenC=\dimen158
\@IEEEtrantmpcountA=\count187
\@IEEEtrantmpcountB=\count188
\@IEEEtrantmpcountC=\count189
\@IEEEtrantmptoksA=\toks18
LaTeX Font Info:    Trying to load font information for OT1+ptm on input line 503.
(/usr/local/texlive/2024/texmf-dist/tex/latex/psnfss/ot1ptm.fd
File: ot1ptm.fd 2001/06/04 font definitions for OT1/ptm.
)
-- Using 8.5in x 11in (letter) paper.
-- Using DVI output.
\@IEEEnormalsizeunitybaselineskip=\dimen159
-- This is a 10 point document.
\CLASSINFOnormalsizebaselineskip=\dimen160
\CLASSINFOnormalsizeunitybaselineskip=\dimen161
\IEEEnormaljot=\dimen162
LaTeX Font Info:    Font shape `JT1/mc/bx/n' in size <5> not available
(Font)              Font shape `JT1/gt/m/n' tried instead on input line 1090.
LaTeX Font Info:    Font shape `JY1/mc/bx/n' in size <5> not available
(Font)              Font shape `JY1/gt/m/n' tried instead on input line 1090.
LaTeX Font Info:    Font shape `OT1/ptm/bx/n' in size <5> not available
(Font)              Font shape `OT1/ptm/b/n' tried instead on input line 1090.
LaTeX Font Info:    Kanji font shape `JY1/mc/m/it' undefined
(Font)              No change on input line 1090.
LaTeX Font Info:    Font shape `OT1/ptm/bx/it' in size <5> not available
(Font)              Font shape `OT1/ptm/b/it' tried instead on input line 1090.
LaTeX Font Info:    Font shape `JT1/mc/bx/n' in size <7> not available
(Font)              Font shape `JT1/gt/m/n' tried instead on input line 1090.
LaTeX Font Info:    Font shape `JY1/mc/bx/n' in size <7> not available
(Font)              Font shape `JY1/gt/m/n' tried instead on input line 1090.
LaTeX Font Info:    Font shape `OT1/ptm/bx/n' in size <7> not available
(Font)              Font shape `OT1/ptm/b/n' tried instead on input line 1090.
LaTeX Font Info:    Kanji font shape `JY1/mc/m/it' undefined
(Font)              No change on input line 1090.
LaTeX Font Info:    Font shape `OT1/ptm/bx/it' in size <7> not available
(Font)              Font shape `OT1/ptm/b/it' tried instead on input line 1090.
LaTeX Font Info:    Font shape `JT1/mc/bx/n' in size <8> not available
(Font)              Font shape `JT1/gt/m/n' tried instead on input line 1090.
LaTeX Font Info:    Font shape `JY1/mc/bx/n' in size <8> not available
(Font)              Font shape `JY1/gt/m/n' tried instead on input line 1090.
LaTeX Font Info:    Font shape `OT1/ptm/bx/n' in size <8> not available
(Font)              Font shape `OT1/ptm/b/n' tried instead on input line 1090.
LaTeX Font Info:    Kanji font shape `JY1/mc/m/it' undefined
(Font)              No change on input line 1090.
LaTeX Font Info:    Font shape `OT1/ptm/bx/it' in size <8> not available
(Font)              Font shape `OT1/ptm/b/it' tried instead on input line 1090.
LaTeX Font Info:    Font shape `JT1/mc/bx/n' in size <9> not available
(Font)              Font shape `JT1/gt/m/n' tried instead on input line 1090.
LaTeX Font Info:    Font shape `JY1/mc/bx/n' in size <9> not available
(Font)              Font shape `JY1/gt/m/n' tried instead on input line 1090.
LaTeX Font Info:    Font shape `OT1/ptm/bx/n' in size <9> not available
(Font)              Font shape `OT1/ptm/b/n' tried instead on input line 1090.
LaTeX Font Info:    Kanji font shape `JY1/mc/m/it' undefined
(Font)              No change on input line 1090.
LaTeX Font Info:    Font shape `OT1/ptm/bx/it' in size <9> not available
(Font)              Font shape `OT1/ptm/b/it' tried instead on input line 1090.
LaTeX Font Info:    Font shape `JT1/mc/bx/n' in size <10> not available
(Font)              Font shape `JT1/gt/m/n' tried instead on input line 1090.
LaTeX Font Info:    Font shape `JY1/mc/bx/n' in size <10> not available
(Font)              Font shape `JY1/gt/m/n' tried instead on input line 1090.
LaTeX Font Info:    Font shape `OT1/ptm/bx/n' in size <10> not available
(Font)              Font shape `OT1/ptm/b/n' tried instead on input line 1090.
LaTeX Font Info:    Kanji font shape `JY1/mc/m/it' undefined
(Font)              No change on input line 1090.
LaTeX Font Info:    Font shape `OT1/ptm/bx/it' in size <10> not available
(Font)              Font shape `OT1/ptm/b/it' tried instead on input line 1090.
LaTeX Font Info:    Font shape `JT1/mc/bx/n' in size <11> not available
(Font)              Font shape `JT1/gt/m/n' tried instead on input line 1090.
LaTeX Font Info:    Font shape `JY1/mc/bx/n' in size <11> not available
(Font)              Font shape `JY1/gt/m/n' tried instead on input line 1090.
LaTeX Font Info:    Font shape `OT1/ptm/bx/n' in size <11> not available
(Font)              Font shape `OT1/ptm/b/n' tried instead on input line 1090.
LaTeX Font Info:    Kanji font shape `JY1/mc/m/it' undefined
(Font)              No change on input line 1090.
LaTeX Font Info:    Font shape `OT1/ptm/bx/it' in size <11> not available
(Font)              Font shape `OT1/ptm/b/it' tried instead on input line 1090.
LaTeX Font Info:    Font shape `JT1/mc/bx/n' in size <12> not available
(Font)              Font shape `JT1/gt/m/n' tried instead on input line 1090.
LaTeX Font Info:    Font shape `JY1/mc/bx/n' in size <12> not available
(Font)              Font shape `JY1/gt/m/n' tried instead on input line 1090.
LaTeX Font Info:    Font shape `OT1/ptm/bx/n' in size <12> not available
(Font)              Font shape `OT1/ptm/b/n' tried instead on input line 1090.
LaTeX Font Info:    Kanji font shape `JY1/mc/m/it' undefined
(Font)              No change on input line 1090.
LaTeX Font Info:    Font shape `OT1/ptm/bx/it' in size <12> not available
(Font)              Font shape `OT1/ptm/b/it' tried instead on input line 1090.
LaTeX Font Info:    Font shape `JT1/mc/bx/n' in size <17> not available
(Font)              Font shape `JT1/gt/m/n' tried instead on input line 1090.
LaTeX Font Info:    Font shape `JY1/mc/bx/n' in size <17> not available
(Font)              Font shape `JY1/gt/m/n' tried instead on input line 1090.
LaTeX Font Info:    Font shape `OT1/ptm/bx/n' in size <17> not available
(Font)              Font shape `OT1/ptm/b/n' tried instead on input line 1090.
LaTeX Font Info:    Kanji font shape `JY1/mc/m/it' undefined
(Font)              No change on input line 1090.
LaTeX Font Info:    Font shape `OT1/ptm/bx/it' in size <17> not available
(Font)              Font shape `OT1/ptm/b/it' tried instead on input line 1090.
LaTeX Font Info:    Font shape `JT1/mc/bx/n' in size <20> not available
(Font)              Font shape `JT1/gt/m/n' tried instead on input line 1090.
LaTeX Font Info:    Font shape `JY1/mc/bx/n' in size <20> not available
(Font)              Font shape `JY1/gt/m/n' tried instead on input line 1090.
LaTeX Font Info:    Font shape `OT1/ptm/bx/n' in size <20> not available
(Font)              Font shape `OT1/ptm/b/n' tried instead on input line 1090.
LaTeX Font Info:    Kanji font shape `JY1/mc/m/it' undefined
(Font)              No change on input line 1090.
LaTeX Font Info:    Font shape `OT1/ptm/bx/it' in size <20> not available
(Font)              Font shape `OT1/ptm/b/it' tried instead on input line 1090.
LaTeX Font Info:    Font shape `JT1/mc/bx/n' in size <24> not available
(Font)              Font shape `JT1/gt/m/n' tried instead on input line 1090.
LaTeX Font Info:    Font shape `JY1/mc/bx/n' in size <24> not available
(Font)              Font shape `JY1/gt/m/n' tried instead on input line 1090.
LaTeX Font Info:    Font shape `OT1/ptm/bx/n' in size <24> not available
(Font)              Font shape `OT1/ptm/b/n' tried instead on input line 1090.
LaTeX Font Info:    Kanji font shape `JY1/mc/m/it' undefined
(Font)              No change on input line 1090.
LaTeX Font Info:    Font shape `OT1/ptm/bx/it' in size <24> not available
(Font)              Font shape `OT1/ptm/b/it' tried instead on input line 1090.
\IEEEquantizedlength=\dimen163
\IEEEquantizedlengthdiff=\dimen164
\IEEEquantizedtextheightdiff=\dimen165
\IEEEilabelindentA=\dimen166
\IEEEilabelindentB=\dimen167
\IEEEilabelindent=\dimen168
\IEEEelabelindent=\dimen169
\IEEEdlabelindent=\dimen170
\IEEElabelindent=\dimen171
\IEEEiednormlabelsep=\dimen172
\IEEEiedmathlabelsep=\dimen173
\IEEEiedtopsep=\skip48
\c@section=\count190
\c@subsection=\count191
\c@subsubsection=\count192
\c@paragraph=\count193
\c@IEEEsubequation=\count194
\abovecaptionskip=\skip49
\belowcaptionskip=\skip50
\c@figure=\count195
\c@table=\count196
\@IEEEeqnnumcols=\count197
\@IEEEeqncolcnt=\count198
\@IEEEsubeqnnumrollback=\count199
\@IEEEquantizeheightA=\dimen174
\@IEEEquantizeheightB=\dimen175
\@IEEEquantizeheightC=\dimen176
\@IEEEquantizeprevdepth=\dimen177
\@IEEEquantizemultiple=\count266
\@IEEEquantizeboxA=\box68
\@IEEEtmpitemindent=\dimen178
\IEEEPARstartletwidth=\dimen179
\c@IEEEbiography=\count267
\@IEEEtranrubishbin=\box69
) (/usr/local/texlive/2024/texmf-dist/tex/latex/graphics/graphicx.sty
Package: graphicx 2021/09/16 v1.2d Enhanced LaTeX Graphics (DPC,SPQR)
(/usr/local/texlive/2024/texmf-dist/tex/latex/graphics/keyval.sty
Package: keyval 2022/05/29 v1.15 key=value parser (DPC)
\KV@toks@=\toks19
) (/usr/local/texlive/2024/texmf-dist/tex/latex/graphics/graphics.sty
Package: graphics 2022/03/10 v1.4e Standard LaTeX Graphics (DPC,SPQR)
(/usr/local/texlive/2024/texmf-dist/tex/latex/graphics/trig.sty
Package: trig 2021/08/11 v1.11 sin cos tan (DPC)
) (/usr/local/texlive/2024/texmf-dist/tex/latex/graphics-cfg/graphics.cfg
File: graphics.cfg 2016/06/04 v1.11 sample graphics configuration
)
Package graphics Info: Driver file: dvipdfmx.def on input line 107.
(/usr/local/texlive/2024/texmf-dist/tex/latex/graphics-def/dvipdfmx.def
File: dvipdfmx.def 2022/09/22 v5.0m Graphics/color driver for dvipdfmx
))
\Gin@req@height=\dimen180
\Gin@req@width=\dimen181
) (/usr/local/texlive/2024/texmf-dist/tex/latex/amsmath/amsmath.sty
Package: amsmath 2023/05/13 v2.17o AMS math features
\@mathmargin=\skip51
For additional information on amsmath, use the `?' option.
(/usr/local/texlive/2024/texmf-dist/tex/latex/amsmath/amstext.sty
Package: amstext 2021/08/26 v2.01 AMS text
(/usr/local/texlive/2024/texmf-dist/tex/latex/amsmath/amsgen.sty
File: amsgen.sty 1999/11/30 v2.0 generic functions
\@emptytoks=\toks20
\ex@=\dimen182
)) (/usr/local/texlive/2024/texmf-dist/tex/latex/amsmath/amsbsy.sty
Package: amsbsy 1999/11/29 v1.2d Bold Symbols
\pmbraise@=\dimen183
) (/usr/local/texlive/2024/texmf-dist/tex/latex/amsmath/amsopn.sty
Package: amsopn 2022/04/08 v2.04 operator names
)
\inf@bad=\count268
LaTeX Info: Redefining \frac on input line 234.
\uproot@=\count269
\leftroot@=\count270
LaTeX Info: Redefining \overline on input line 399.
LaTeX Info: Redefining \colon on input line 410.
\classnum@=\count271
\DOTSCASE@=\count272
LaTeX Info: Redefining \ldots on input line 496.
LaTeX Info: Redefining \dots on input line 499.
LaTeX Info: Redefining \cdots on input line 620.
\Mathstrutbox@=\box70
\strutbox@=\box71
LaTeX Info: Redefining \big on input line 722.
LaTeX Info: Redefining \Big on input line 723.
LaTeX Info: Redefining \bigg on input line 724.
LaTeX Info: Redefining \Bigg on input line 725.
\big@size=\dimen184
LaTeX Font Info:    Redeclaring font encoding OML on input line 743.
LaTeX Font Info:    Redeclaring font encoding OMS on input line 744.
\macc@depth=\count273
LaTeX Info: Redefining \bmod on input line 905.
LaTeX Info: Redefining \pmod on input line 910.
LaTeX Info: Redefining \smash on input line 940.
LaTeX Info: Redefining \relbar on input line 970.
LaTeX Info: Redefining \Relbar on input line 971.
\c@MaxMatrixCols=\count274
\dotsspace@=\muskip16
\c@parentequation=\count275
\dspbrk@lvl=\count276
\tag@help=\toks21
\row@=\count277
\column@=\count278
\maxfields@=\count279
\andhelp@=\toks22
\eqnshift@=\dimen185
\alignsep@=\dimen186
\tagshift@=\dimen187
\tagwidth@=\dimen188
\totwidth@=\dimen189
\lineht@=\dimen190
\@envbody=\toks23
\multlinegap=\skip52
\multlinetaggap=\skip53
\mathdisplay@stack=\toks24
LaTeX Info: Redefining \[ on input line 2953.
LaTeX Info: Redefining \] on input line 2954.
) (/usr/local/texlive/2024/texmf-dist/tex/latex/amsfonts/amsfonts.sty
Package: amsfonts 2013/01/14 v3.01 Basic AMSFonts support
\symAMSa=\mathgroup4
\symAMSb=\mathgroup5
LaTeX Font Info:    Redeclaring math symbol \hbar on input line 98.
LaTeX Font Info:    Overwriting math alphabet `\mathfrak' in version `bold'
(Font)                  U/euf/m/n --> U/euf/b/n on input line 106.
) (/usr/local/texlive/2024/texmf-dist/tex/latex/algorithms/algorithmic.sty
Package: algorithmic 2009/08/24 v0.1 Document Style `algorithmic'
(/usr/local/texlive/2024/texmf-dist/tex/latex/base/ifthen.sty
Package: ifthen 2022/04/13 v1.1d Standard LaTeX ifthen package (DPC)
)
\c@ALC@unique=\count280
\c@ALC@line=\count281
\c@ALC@rem=\count282
\c@ALC@depth=\count283
\ALC@tlm=\skip54
\algorithmicindent=\skip55
) (/usr/local/texlive/2024/texmf-dist/tex/latex/tools/array.sty
Package: array 2023/10/16 v2.5g Tabular extension package (FMi)
\col@sep=\dimen191
\ar@mcellbox=\box72
\extrarowheight=\dimen192
\NC@list=\toks25
\extratabsurround=\skip56
\backup@length=\skip57
\ar@cellbox=\box73
) (/usr/local/texlive/2024/texmf-dist/tex/latex/subfig/subfig.sty
Package: subfig 2005/06/28 ver: 1.3 subfig package
(/usr/local/texlive/2024/texmf-dist/tex/latex/caption/caption3.sty
Package: caption3 2023/07/31 v2.4d caption3 kernel (AR)
\caption@tempdima=\dimen193
\captionmargin=\dimen194
\caption@leftmargin=\dimen195
\caption@rightmargin=\dimen196
\caption@width=\dimen197
\caption@indent=\dimen198
\caption@parindent=\dimen199
\caption@hangindent=\dimen256
Package caption Info: Unknown document class (or package),
(caption)             standard defaults will be used.
Package caption Info: \@makecaption = \long macro:#1#2->\ifx \@captype \@IEEEtablestring \footnotesize \bgroup \par \centering \@IEEEtabletopskipstrut {\normalfont \footnotesize #1}\\{\normalfont \footnotesize \scshape #2}\par \addvspace {0.5\baselineskip }\egroup \@IEEEtablecaptionsepspace \else \@IEEEfigurecaptionsepspace \setbox \@tempboxa \hbox {\normalfont \footnotesize {#1.}\nobreakspace \nobreakspace #2}\ifdim \wd \@tempboxa >\hsize \setbox \@tempboxa \hbox {\normalfont \footnotesize {#1.}\nobreakspace \nobreakspace }\parbox [t]{\hsize }{\normalfont \footnotesize \noindent \unhbox \@tempboxa #2}\else \ifCLASSOPTIONconference \hbox to\hsize {\normalfont \footnotesize \hfil \box \@tempboxa \hfil }\else \hbox to\hsize {\normalfont \footnotesize \box \@tempboxa \hfil }\fi \fi \fi  on input line 1175.
)
\c@KVtest=\count284
\sf@farskip=\skip58
\sf@captopadj=\dimen257
\sf@capskip=\skip59
\sf@nearskip=\skip60
\c@subfigure=\count285
\c@subfigure@save=\count286
\c@lofdepth=\count287
\c@subtable=\count288
\c@subtable@save=\count289
\c@lotdepth=\count290
\sf@top=\skip61
\sf@bottom=\skip62
) (/usr/local/texlive/2024/texmf-dist/tex/latex/base/textcomp.sty
Package: textcomp 2020/02/02 v2.0n Standard LaTeX package
) (/usr/local/texlive/2024/texmf-dist/tex/latex/sttools/stfloats.sty
Package: stfloats 2017/03/27 v3.3 Improve float mechanism and baselineskip settings
\@dblbotnum=\count291
\c@dblbotnumber=\count292
) (/usr/local/texlive/2024/texmf-dist/tex/latex/url/url.sty
\Urlmuskip=\muskip17
Package: url 2013/09/16  ver 3.4  Verb mode for urls, etc.
) (/usr/local/texlive/2024/texmf-dist/tex/latex/tools/verbatim.sty
Package: verbatim 2023-11-06 v1.5v LaTeX2e package for verbatim enhancements
\every@verbatim=\toks26
\verbatim@line=\toks27
\verbatim@in@stream=\read2
) (/usr/local/texlive/2024/texmf-dist/tex/latex/preprint/balance.sty
Package: balance 1999/02/23 4.3 (PWD)
\oldvsize=\dimen258
) (/usr/local/texlive/2024/texmf-dist/tex/latex/booktabs/booktabs.sty
Package: booktabs 2020/01/12 v1.61803398 Publication quality tables
\heavyrulewidth=\dimen259
\lightrulewidth=\dimen260
\cmidrulewidth=\dimen261
\belowrulesep=\dimen262
\belowbottomsep=\dimen263
\aboverulesep=\dimen264
\abovetopsep=\dimen265
\cmidrulesep=\dimen266
\cmidrulekern=\dimen267
\defaultaddspace=\dimen268
\@cmidla=\count293
\@cmidlb=\count294
\@aboverulesep=\dimen269
\@belowrulesep=\dimen270
\@thisruleclass=\count295
\@lastruleclass=\count296
\@thisrulewidth=\dimen271
) (/usr/local/texlive/2024/texmf-dist/tex/latex/amsfonts/amssymb.sty
Package: amssymb 2013/01/14 v3.01 AMS font symbols
) (/usr/local/texlive/2024/texmf-dist/tex/latex/multirow/multirow.sty
Package: multirow 2021/03/15 v2.8 Span multiple rows of a table
\multirow@colwidth=\skip63
\multirow@cntb=\count297
\multirow@dima=\skip64
\bigstrutjot=\dimen272
) (/usr/local/texlive/2024/texmf-dist/tex/latex/tools/multicol.sty
Package: multicol 2023/03/30 v1.9f multicolumn formatting (FMi)
\c@tracingmulticols=\count298
\mult@box=\box74
\multicol@leftmargin=\dimen273
\c@unbalance=\count299
\c@collectmore=\count300
\doublecol@number=\count301
\multicoltolerance=\count302
\multicolpretolerance=\count303
\full@width=\dimen274
\page@free=\dimen275
\premulticols=\dimen276
\postmulticols=\dimen277
\multicolsep=\skip65
\multicolbaselineskip=\skip66
\partial@page=\box75
\last@line=\box76
\mc@boxedresult=\box77
\maxbalancingoverflow=\dimen278
\mult@rightbox=\box78
\mult@grightbox=\box79
\mult@firstbox=\box80
\mult@gfirstbox=\box81
\@tempa=\box82
\@tempa=\box83
\@tempa=\box84
\@tempa=\box85
\@tempa=\box86
\@tempa=\box87
\@tempa=\box88
\@tempa=\box89
\@tempa=\box90
\@tempa=\box91
\@tempa=\box92
\@tempa=\box93
\@tempa=\box94
\@tempa=\box95
\@tempa=\box96
\@tempa=\box97
\@tempa=\box98
\@tempa=\box99
\@tempa=\box100
\@tempa=\box101
\@tempa=\box102
\@tempa=\box103
\@tempa=\box104
\@tempa=\box105
\@tempa=\box106
\@tempa=\box107
\@tempa=\box108
\@tempa=\box109
\@tempa=\box110
\@tempa=\box111
\@tempa=\box112
\@tempa=\box113
\@tempa=\box114
\@tempa=\box115
\@tempa=\box116
\@tempa=\box117
\c@minrows=\count304
\c@columnbadness=\count305
\c@finalcolumnbadness=\count306
\last@try=\dimen279
\multicolovershoot=\dimen280
\multicolundershoot=\dimen281
\mult@nat@firstbox=\box118
\colbreak@box=\box119
\mc@col@check@num=\count307
) (/usr/local/texlive/2024/texmf-dist/tex/latex/graphics/color.sty
Package: color 2022/01/06 v1.3d Standard LaTeX Color (DPC)
(/usr/local/texlive/2024/texmf-dist/tex/latex/graphics-cfg/color.cfg
File: color.cfg 2016/01/02 v1.6 sample color configuration
)
Package color Info: Driver file: dvips.def on input line 149.
(/usr/local/texlive/2024/texmf-dist/tex/latex/graphics-def/dvips.def
File: dvips.def 2022/09/22 v3.1e Graphics/color driver for dvips
) (/usr/local/texlive/2024/texmf-dist/tex/latex/graphics/dvipsnam.def
File: dvipsnam.def 2016/06/17 v3.0m Driver-dependent file (DPC,SPQR)
) (/usr/local/texlive/2024/texmf-dist/tex/latex/graphics/mathcolor.ltx)) (/usr/local/texlive/2024/texmf-dist/tex/latex/l3backend/l3backend-dvips.def
File: l3backend-dvips.def 2024-02-20 L3 backend support: dvips
\l__pdf_internal_box=\box120
\g__pdf_backend_object_int=\count308
\l__pdf_backend_content_box=\box121
\l__pdf_backend_model_box=\box122
\g__pdf_backend_annotation_int=\count309
\g__pdf_backend_link_int=\count310
\g__pdf_backend_link_sf_int=\count311
)

LaTeX Warning: Unused global option(s):
    [lettersize].

No file previous.aux.
\openout1 = `previous.aux'.

LaTeX Font Info:    Checking defaults for OML/cmm/m/it on input line 26.
LaTeX Font Info:    ... okay on input line 26.
LaTeX Font Info:    Checking defaults for OMS/cmsy/m/n on input line 26.
LaTeX Font Info:    ... okay on input line 26.
LaTeX Font Info:    Checking defaults for OT1/cmr/m/n on input line 26.
LaTeX Font Info:    ... okay on input line 26.
LaTeX Font Info:    Checking defaults for T1/cmr/m/n on input line 26.
LaTeX Font Info:    ... okay on input line 26.
LaTeX Font Info:    Checking defaults for TS1/cmr/m/n on input line 26.
LaTeX Font Info:    ... okay on input line 26.
LaTeX Font Info:    Checking defaults for OMX/cmex/m/n on input line 26.
LaTeX Font Info:    ... okay on input line 26.
LaTeX Font Info:    Checking defaults for U/cmr/m/n on input line 26.
LaTeX Font Info:    ... okay on input line 26.
LaTeX Font Info:    Checking defaults for JY1/mc/m/n on input line 26.
LaTeX Font Info:    ... okay on input line 26.
LaTeX Font Info:    Checking defaults for JT1/mc/m/n on input line 26.
LaTeX Font Info:    ... okay on input line 26.
LaTeX Font Info:    Font shape `JT1/mc/b/n' in size <5> not available
(Font)              Font shape `JT1/mc/bx/n' tried instead on input line 26.
LaTeX Font Info:    Font shape `JT1/mc/bx/n' in size <5> not available
(Font)              Font shape `JT1/gt/m/n' tried instead on input line 26.
LaTeX Font Info:    Font shape `JY1/mc/b/n' in size <5> not available
(Font)              Font shape `JY1/mc/bx/n' tried instead on input line 26.
LaTeX Font Info:    Font shape `JY1/mc/bx/n' in size <5> not available
(Font)              Font shape `JY1/gt/m/n' tried instead on input line 26.
LaTeX Font Info:    Kanji font shape `JY1/mc/m/it' undefined
(Font)              No change on input line 26.
LaTeX Font Info:    Font shape `JT1/mc/b/n' in size <7> not available
(Font)              Font shape `JT1/mc/bx/n' tried instead on input line 26.
LaTeX Font Info:    Font shape `JT1/mc/bx/n' in size <7> not available
(Font)              Font shape `JT1/gt/m/n' tried instead on input line 26.
LaTeX Font Info:    Font shape `JY1/mc/b/n' in size <7> not available
(Font)              Font shape `JY1/mc/bx/n' tried instead on input line 26.
LaTeX Font Info:    Font shape `JY1/mc/bx/n' in size <7> not available
(Font)              Font shape `JY1/gt/m/n' tried instead on input line 26.
LaTeX Font Info:    Kanji font shape `JY1/mc/m/it' undefined
(Font)              No change on input line 26.
LaTeX Font Info:    Font shape `JT1/mc/b/n' in size <8> not available
(Font)              Font shape `JT1/mc/bx/n' tried instead on input line 26.
LaTeX Font Info:    Font shape `JT1/mc/bx/n' in size <8> not available
(Font)              Font shape `JT1/gt/m/n' tried instead on input line 26.
LaTeX Font Info:    Font shape `JY1/mc/b/n' in size <8> not available
(Font)              Font shape `JY1/mc/bx/n' tried instead on input line 26.
LaTeX Font Info:    Font shape `JY1/mc/bx/n' in size <8> not available
(Font)              Font shape `JY1/gt/m/n' tried instead on input line 26.
LaTeX Font Info:    Kanji font shape `JY1/mc/m/it' undefined
(Font)              No change on input line 26.
LaTeX Font Info:    Font shape `JT1/mc/b/n' in size <9> not available
(Font)              Font shape `JT1/mc/bx/n' tried instead on input line 26.
LaTeX Font Info:    Font shape `JT1/mc/bx/n' in size <9> not available
(Font)              Font shape `JT1/gt/m/n' tried instead on input line 26.
LaTeX Font Info:    Font shape `JY1/mc/b/n' in size <9> not available
(Font)              Font shape `JY1/mc/bx/n' tried instead on input line 26.
LaTeX Font Info:    Font shape `JY1/mc/bx/n' in size <9> not available
(Font)              Font shape `JY1/gt/m/n' tried instead on input line 26.
LaTeX Font Info:    Kanji font shape `JY1/mc/m/it' undefined
(Font)              No change on input line 26.
LaTeX Font Info:    Font shape `JT1/mc/b/n' in size <10> not available
(Font)              Font shape `JT1/mc/bx/n' tried instead on input line 26.
LaTeX Font Info:    Font shape `JT1/mc/bx/n' in size <10> not available
(Font)              Font shape `JT1/gt/m/n' tried instead on input line 26.
LaTeX Font Info:    Font shape `JY1/mc/b/n' in size <10> not available
(Font)              Font shape `JY1/mc/bx/n' tried instead on input line 26.
LaTeX Font Info:    Font shape `JY1/mc/bx/n' in size <10> not available
(Font)              Font shape `JY1/gt/m/n' tried instead on input line 26.
LaTeX Font Info:    Kanji font shape `JY1/mc/m/it' undefined
(Font)              No change on input line 26.
LaTeX Font Info:    Font shape `JT1/mc/b/n' in size <11> not available
(Font)              Font shape `JT1/mc/bx/n' tried instead on input line 26.
LaTeX Font Info:    Font shape `JT1/mc/bx/n' in size <11> not available
(Font)              Font shape `JT1/gt/m/n' tried instead on input line 26.
LaTeX Font Info:    Font shape `JY1/mc/b/n' in size <11> not available
(Font)              Font shape `JY1/mc/bx/n' tried instead on input line 26.
LaTeX Font Info:    Font shape `JY1/mc/bx/n' in size <11> not available
(Font)              Font shape `JY1/gt/m/n' tried instead on input line 26.
LaTeX Font Info:    Kanji font shape `JY1/mc/m/it' undefined
(Font)              No change on input line 26.
LaTeX Font Info:    Font shape `JT1/mc/b/n' in size <12> not available
(Font)              Font shape `JT1/mc/bx/n' tried instead on input line 26.
LaTeX Font Info:    Font shape `JT1/mc/bx/n' in size <12> not available
(Font)              Font shape `JT1/gt/m/n' tried instead on input line 26.
LaTeX Font Info:    Font shape `JY1/mc/b/n' in size <12> not available
(Font)              Font shape `JY1/mc/bx/n' tried instead on input line 26.
LaTeX Font Info:    Font shape `JY1/mc/bx/n' in size <12> not available
(Font)              Font shape `JY1/gt/m/n' tried instead on input line 26.
LaTeX Font Info:    Kanji font shape `JY1/mc/m/it' undefined
(Font)              No change on input line 26.
LaTeX Font Info:    Font shape `JT1/mc/b/n' in size <17> not available
(Font)              Font shape `JT1/mc/bx/n' tried instead on input line 26.
LaTeX Font Info:    Font shape `JT1/mc/bx/n' in size <17> not available
(Font)              Font shape `JT1/gt/m/n' tried instead on input line 26.
LaTeX Font Info:    Font shape `JY1/mc/b/n' in size <17> not available
(Font)              Font shape `JY1/mc/bx/n' tried instead on input line 26.
LaTeX Font Info:    Font shape `JY1/mc/bx/n' in size <17> not available
(Font)              Font shape `JY1/gt/m/n' tried instead on input line 26.
LaTeX Font Info:    Kanji font shape `JY1/mc/m/it' undefined
(Font)              No change on input line 26.
LaTeX Font Info:    Font shape `JT1/mc/b/n' in size <20> not available
(Font)              Font shape `JT1/mc/bx/n' tried instead on input line 26.
LaTeX Font Info:    Font shape `JT1/mc/bx/n' in size <20> not available
(Font)              Font shape `JT1/gt/m/n' tried instead on input line 26.
LaTeX Font Info:    Font shape `JY1/mc/b/n' in size <20> not available
(Font)              Font shape `JY1/mc/bx/n' tried instead on input line 26.
LaTeX Font Info:    Font shape `JY1/mc/bx/n' in size <20> not available
(Font)              Font shape `JY1/gt/m/n' tried instead on input line 26.
LaTeX Font Info:    Kanji font shape `JY1/mc/m/it' undefined
(Font)              No change on input line 26.
LaTeX Font Info:    Font shape `JT1/mc/b/n' in size <24> not available
(Font)              Font shape `JT1/mc/bx/n' tried instead on input line 26.
LaTeX Font Info:    Font shape `JT1/mc/bx/n' in size <24> not available
(Font)              Font shape `JT1/gt/m/n' tried instead on input line 26.
LaTeX Font Info:    Font shape `JY1/mc/b/n' in size <24> not available
(Font)              Font shape `JY1/mc/bx/n' tried instead on input line 26.
LaTeX Font Info:    Font shape `JY1/mc/bx/n' in size <24> not available
(Font)              Font shape `JY1/gt/m/n' tried instead on input line 26.
LaTeX Font Info:    Kanji font shape `JY1/mc/m/it' undefined
(Font)              No change on input line 26.
-- Lines per column: 58 (exact).
Package caption Info: Begin \AtBeginDocument code.
Package caption Info: subfig package v1.3 is loaded.
Package caption Info: End \AtBeginDocument code.
LaTeX Font Info:    Trying to load font information for U+msa on input line 37.
(/usr/local/texlive/2024/texmf-dist/tex/latex/amsfonts/umsa.fd
File: umsa.fd 2013/01/14 v3.01 AMS symbols A
)
LaTeX Font Info:    Trying to load font information for U+msb on input line 37.
(/usr/local/texlive/2024/texmf-dist/tex/latex/amsfonts/umsb.fd
File: umsb.fd 2013/01/14 v3.01 AMS symbols B
)
LaTeX Font Info:    Kanji font shape `JY1/mc/b/it' undefined
(Font)              No change on input line 39.
LaTeX Font Info:    Kanji font shape `JY1/mc/b/it' undefined
(Font)              No change on input line 54.
LaTeX Font Info:    Kanji font shape `JY1/mc/m/sc' undefined
(Font)              No change on input line 59.

LaTeX Warning: Citation `lara2012survey' on page 1 undefined on input line 67.


LaTeX Warning: Citation `attal2015physical' on page 1 undefined on input line 67.


LaTeX Warning: Citation `kulsoom2022review' on page 1 undefined on input line 67.


LaTeX Warning: Citation `du2019novel' on page 1 undefined on input line 67.


LaTeX Warning: Citation `schrader2020advanced' on page 1 undefined on input line 67.


LaTeX Warning: Citation `hsiao2017design' on page 1 undefined on input line 67.


LaTeX Warning: Citation `haladjian2020sensor' on page 1 undefined on input line 67.


LaTeX Warning: Citation `hassan2019smartphone' on page 1 undefined on input line 67.


LaTeX Warning: Citation `hiremath2023lifespan' on page 1 undefined on input line 67.


LaTeX Warning: Citation `hiremath2022bootstrapping' on page 1 undefined on input line 67.


LaTeX Warning: Citation `han2021deep' on page 1 undefined on input line 67.


LaTeX Warning: Citation `de2021continual' on page 1 undefined on input line 71.


LaTeX Warning: Citation `chen2018lifelong' on page 1 undefined on input line 71.


LaTeX Warning: Citation `french1999catastrophic' on page 1 undefined on input line 71.


LaTeX Warning: Citation `mccloskey1989catastrophic' on page 1 undefined on input line 71.


LaTeX Warning: Citation `tian2024survey' on page 1 undefined on input line 71.


LaTeX Warning: Reference `fig:fig1' on page 1 undefined on input line 78.


LaTeX Warning: Reference `fig:fig1' on page 1 undefined on input line 78.


LaTeX Warning: Reference `fig:fig1' on page 1 undefined on input line 78.


LaTeX Warning: Reference `fig:fig1' on page 1 undefined on input line 78.


LaTeX Warning: Reference `fig:fig1' on page 1 undefined on input line 78.


LaTeX Warning: File `images/teaser_wide.eps' not found on input line 81.


! LaTeX Error: File `images/teaser_wide.eps' not found.

See the LaTeX manual or LaTeX Companion for explanation.
Type  H <return>  for immediate help.
 ...                                              
                                                  
l.81 ...[width=\linewidth]{images/teaser_wide.eps}
                                                  
Try typing  <return>  to proceed.
If that doesn't work, type  X <return>  to quit.


! LaTeX Error: Cannot determine size of graphic in images/teaser_wide.eps (no BoundingBox).

See the LaTeX manual or LaTeX Companion for explanation.
Type  H <return>  for immediate help.
 ...                                              
                                                  
l.81 ...[width=\linewidth]{images/teaser_wide.eps}
                                                  
Try typing  <return>  to proceed.
If that doesn't work, type  X <return>  to quit.

File: images/teaser_wide.eps Graphic file (type eps)
<images/teaser_wide.eps>

LaTeX Warning: Citation `leite2022resource' on page 1 undefined on input line 95.


LaTeX Warning: Citation `kann2023evaluation' on page 1 undefined on input line 95.


LaTeX Warning: Citation `kwon2021exploring' on page 1 undefined on input line 95.


LaTeX Warning: Citation `qiao2024class' on page 1 undefined on input line 95.


LaTeX Warning: Citation `adaimi2022lifelong' on page 1 undefined on input line 95.


LaTeX Warning: Citation `schiemer2023online' on page 1 undefined on input line 95.


LaTeX Warning: Citation `fan2024ts' on page 1 undefined on input line 95.


LaTeX Warning: Citation `wu2025ptms' on page 1 undefined on input line 95.


LaTeX Warning: Reference `tab:comparison' on page 1 undefined on input line 95.

LaTeX Font Info:    Kanji font shape `JY1/mc/m/sc' undefined
(Font)              No change on input line 100.

LaTeX Warning: Citation `kwon2021exploring' on page 1 undefined on input line 106.


LaTeX Warning: Citation `qiao2024class' on page 1 undefined on input line 106.


LaTeX Warning: Citation `adaimi2022lifelong' on page 1 undefined on input line 106.


LaTeX Warning: Citation `schiemer2023online' on page 1 undefined on input line 106.


LaTeX Warning: Citation `fan2024ts' on page 1 undefined on input line 106.


LaTeX Warning: Citation `wu2025ptms' on page 1 undefined on input line 106.


LaTeX Warning: Citation `zhang2021harmi' on page 1 undefined on input line 107.


LaTeX Warning: Citation `matteoni2022continual' on page 1 undefined on input line 108.


LaTeX Warning: Citation `kann2024cross' on page 1 undefined on input line 108.


LaTeX Warning: Citation `leite2022resource' on page 1 undefined on input line 109.


LaTeX Warning: Citation `kann2023evaluation' on page 1 undefined on input line 109.

[1


]
Underfull \vbox (badness 10000) has occurred while \output is active []

LaTeX Font Info:    Kanji font shape `JY1/mc/m/sc' undefined
(Font)              No change on input line 133.

Underfull \vbox (badness 10000) has occurred while \output is active []

[2]
LaTeX Font Info:    Kanji font shape `JY1/mc/m/sc' undefined
(Font)              No change on input line 159.
LaTeX Font Info:    Kanji font shape `JY1/mc/m/it' undefined
(Font)              No change on input line 160.

LaTeX Warning: Citation `qiao2024class' on page 3 undefined on input line 163.


LaTeX Warning: Citation `qiao2024class' on page 3 undefined on input line 163.

LaTeX Font Info:    Kanji font shape `JY1/mc/m/it' undefined
(Font)              No change on input line 165.
LaTeX Font Info:    Kanji font shape `JY1/mc/m/it' undefined
(Font)              No change on input line 170.
LaTeX Font Info:    Kanji font shape `JY1/mc/m/it' undefined
(Font)              No change on input line 173.

LaTeX Warning: Citation `li2017learning' on page 3 undefined on input line 173.


LaTeX Warning: Citation `kirkpatrick2017overcoming' on page 3 undefined on input line 173.


LaTeX Warning: Citation `aljundi2018memory' on page 3 undefined on input line 173.


LaTeX Warning: Citation `zenke2017continual' on page 3 undefined on input line 173.


LaTeX Warning: Citation `li2017learning' on page 3 undefined on input line 179.


LaTeX Warning: Citation `mai2022online' on page 3 undefined on input line 187.


LaTeX Warning: Citation `kirkpatrick2017overcoming' on page 3 undefined on input line 198.

[3]

LaTeX Warning: Citation `aljundi2018memory' on page 4 undefined on input line 208.


LaTeX Warning: Citation `zenke2017continual' on page 4 undefined on input line 218.


Underfull \hbox (badness 1642) in paragraph at lines 218--218
[][]\OT1/ptm/m/n/10 SI [[]] ad-dresses catas-trophic for-get-ting by pe-nal-iz-ing
 []

LaTeX Font Info:    Kanji font shape `JY1/mc/m/it' undefined
(Font)              No change on input line 234.

LaTeX Warning: Citation `rolnick2019experience' on page 4 undefined on input line 234.


LaTeX Warning: Citation `lopez2017gradient' on page 4 undefined on input line 234.


LaTeX Warning: Citation `kwon2021fasticarl' on page 4 undefined on input line 234.


LaTeX Warning: Citation `shim2021online' on page 4 undefined on input line 234.


LaTeX Warning: Citation `shin2017continual' on page 4 undefined on input line 234.


LaTeX Warning: Citation `rolnick2019experience' on page 4 undefined on input line 247.


LaTeX Warning: Citation `lopez2017gradient' on page 4 undefined on input line 261.


LaTeX Warning: Citation `kwon2021fasticarl' on page 4 undefined on input line 270.


LaTeX Warning: Citation `rebuffi2017icarl' on page 4 undefined on input line 270.


LaTeX Warning: Citation `shim2021online' on page 4 undefined on input line 284.


LaTeX Warning: Citation `qiao2024class' on page 4 undefined on input line 284.

[4]

LaTeX Warning: Citation `shin2017continual' on page 5 undefined on input line 292.


LaTeX Warning: Citation `desai2021timevae' on page 5 undefined on input line 292.

LaTeX Font Info:    Kanji font shape `JY1/mc/m/sc' undefined
(Font)              No change on input line 295.
LaTeX Font Info:    Kanji font shape `JY1/mc/m/it' undefined
(Font)              No change on input line 301.

LaTeX Warning: Citation `anguita2013public' on page 5 undefined on input line 301.

LaTeX Font Info:    Kanji font shape `JY1/mc/m/it' undefined
(Font)              No change on input line 308.

LaTeX Warning: Citation `zhang2012usc' on page 5 undefined on input line 308.


LaTeX Warning: File `images/scenarios.eps' not found on input line 314.


! LaTeX Error: File `images/scenarios.eps' not found.

See the LaTeX manual or LaTeX Companion for explanation.
Type  H <return>  for immediate help.
 ...                                              
                                                  
l.314 ...s[width=\linewidth]{images/scenarios.eps}
                                                  
Try typing  <return>  to proceed.
If that doesn't work, type  X <return>  to quit.


! LaTeX Error: Cannot determine size of graphic in images/scenarios.eps (no BoundingBox).

See the LaTeX manual or LaTeX Companion for explanation.
Type  H <return>  for immediate help.
 ...                                              
                                                  
l.314 ...s[width=\linewidth]{images/scenarios.eps}
                                                  
Try typing  <return>  to proceed.
If that doesn't work, type  X <return>  to quit.

File: images/scenarios.eps Graphic file (type eps)
<images/scenarios.eps>
LaTeX Font Info:    Kanji font shape `JY1/mc/m/sc' undefined
(Font)              No change on input line 319.

LaTeX Warning: Reference `fig:scenarios' on page 5 undefined on input line 321.

LaTeX Font Info:    Kanji font shape `JY1/mc/m/it' undefined
(Font)              No change on input line 324.
LaTeX Font Info:    Kanji font shape `JY1/mc/m/it' undefined
(Font)              No change on input line 330.
LaTeX Font Info:    Kanji font shape `JY1/mc/m/it' undefined
(Font)              No change on input line 340.

LaTeX Warning: Reference `tab:task_split' on page 5 undefined on input line 352.

LaTeX Font Info:    Kanji font shape `JY1/mc/m/sc' undefined
(Font)              No change on input line 358.
LaTeX Font Info:    Kanji font shape `JY1/mc/m/it' undefined
(Font)              No change on input line 379.
[5]
LaTeX Font Info:    Kanji font shape `JY1/mc/m/it' undefined
(Font)              No change on input line 385.

Underfull \vbox (badness 10000) has occurred while \output is active []

[6]
LaTeX Font Info:    Kanji font shape `JY1/mc/m/sc' undefined
(Font)              No change on input line 405.
LaTeX Font Info:    Kanji font shape `JY1/mc/m/it' undefined
(Font)              No change on input line 461.

LaTeX Warning: Reference `tab:hyperparameter' on page 7 undefined on input line 468.

LaTeX Font Info:    Kanji font shape `JY1/mc/m/sc' undefined
(Font)              No change on input line 473.
LaTeX Font Info:    Kanji font shape `JY1/mc/m/it' undefined
(Font)              No change on input line 508.
LaTeX Font Info:    Kanji font shape `JY1/mc/m/sc' undefined
(Font)              No change on input line 511.

LaTeX Warning: Reference `tbl:main_results' on page 7 undefined on input line 514.

[7]
LaTeX Font Info:    Kanji font shape `JY1/mc/m/sc' undefined
(Font)              No change on input line 532.
LaTeX Font Info:    Kanji font shape `JY1/mc/m/it' undefined
(Font)              No change on input line 533.

LaTeX Warning: Reference `tab:task_split' on page 8 undefined on input line 534.

LaTeX Font Info:    Kanji font shape `JY1/mc/m/it' undefined
(Font)              No change on input line 539.

LaTeX Warning: Reference `tab:task_split_FFCCCF' on page 8 undefined on input line 563.

LaTeX Font Info:    Kanji font shape `JY1/mc/m/sc' undefined
(Font)              No change on input line 568.
LaTeX Font Info:    Kanji font shape `JY1/mc/m/sc' undefined
(Font)              No change on input line 610.
LaTeX Font Info:    Kanji font shape `JY1/mc/m/sc' undefined
(Font)              No change on input line 693.
LaTeX Font Info:    Kanji font shape `JY1/mc/m/sc' undefined
(Font)              No change on input line 779.
LaTeX Font Info:    Kanji font shape `JY1/mc/m/it' undefined
(Font)              No change on input line 864.

LaTeX Warning: Reference `tbl:main_results_ff' on page 8 undefined on input line 864.


LaTeX Warning: Reference `tbl:main_results_cc' on page 8 undefined on input line 864.


LaTeX Warning: Reference `tbl:main_results_cf' on page 8 undefined on input line 864.

[8]
Underfull \vbox (badness 10000) has occurred while \output is active []

LaTeX Font Info:    Kanji font shape `JY1/mc/m/it' undefined
(Font)              No change on input line 887.
LaTeX Font Info:    Kanji font shape `JY1/mc/m/it' undefined
(Font)              No change on input line 889.

Underfull \vbox (badness 10000) has occurred while \output is active []

[9]
LaTeX Font Info:    Kanji font shape `JY1/mc/m/it' undefined
(Font)              No change on input line 894.
LaTeX Font Info:    Kanji font shape `JY1/mc/m/it' undefined
(Font)              No change on input line 905.
LaTeX Font Info:    Kanji font shape `JY1/mc/m/it' undefined
(Font)              No change on input line 915.

LaTeX Warning: Citation `schiemer2023online' on page 10 undefined on input line 922.

[10]
LaTeX Font Info:    Kanji font shape `JY1/mc/m/it' undefined
(Font)              No change on input line 926.
LaTeX Font Info:    Kanji font shape `JY1/mc/m/it' undefined
(Font)              No change on input line 928.

LaTeX Warning: Citation `masana2020class' on page 11 undefined on input line 929.


LaTeX Warning: Citation `he2022rethinking' on page 11 undefined on input line 930.

LaTeX Font Info:    Kanji font shape `JY1/mc/m/it' undefined
(Font)              No change on input line 937.

LaTeX Warning: Citation `kanoga2024deep' on page 11 undefined on input line 942.


LaTeX Warning: Citation `rusu2016progressive' on page 11 undefined on input line 946.


Underfull \hbox (badness 3713) in paragraph at lines 945--948
[]\OT1/ptm/m/n/10 As a con-tin-ual learn-ing meth-ods, we se-lected four
 []

LaTeX Font Info:    Kanji font shape `JY1/mc/m/sc' undefined
(Font)              No change on input line 953.
(out/previous.bbl
LaTeX Font Info:    Kanji font shape `JY1/mc/m/sc' undefined
(Font)              No change on input line 2.
LaTeX Font Info:    Kanji font shape `JY1/gt/m/it' undefined
(Font)              No change on input line 24.
LaTeX Font Info:    Kanji font shape `JY1/gt/m/it' undefined
(Font)              No change on input line 27.
LaTeX Font Info:    Kanji font shape `JY1/gt/m/it' undefined
(Font)              No change on input line 30.
LaTeX Font Info:    Kanji font shape `JY1/gt/m/it' undefined
(Font)              No change on input line 33.
LaTeX Font Info:    Kanji font shape `JY1/gt/m/it' undefined
(Font)              No change on input line 36.
LaTeX Font Info:    Kanji font shape `JY1/gt/m/it' undefined
(Font)              No change on input line 39.
LaTeX Font Info:    Kanji font shape `JY1/gt/m/it' undefined
(Font)              No change on input line 42.
LaTeX Font Info:    Kanji font shape `JY1/gt/m/it' undefined
(Font)              No change on input line 45.
LaTeX Font Info:    Kanji font shape `JY1/gt/m/it' undefined
(Font)              No change on input line 48.
LaTeX Font Info:    Kanji font shape `JY1/gt/m/it' undefined
(Font)              No change on input line 51.
LaTeX Font Info:    Kanji font shape `JY1/gt/m/it' undefined
(Font)              No change on input line 54.
LaTeX Font Info:    Kanji font shape `JY1/gt/m/it' undefined
(Font)              No change on input line 57.
LaTeX Font Info:    Kanji font shape `JY1/gt/m/it' undefined
(Font)              No change on input line 60.
LaTeX Font Info:    Kanji font shape `JY1/gt/m/it' undefined
(Font)              No change on input line 63.
LaTeX Font Info:    Kanji font shape `JY1/gt/m/it' undefined
(Font)              No change on input line 66.
LaTeX Font Info:    Kanji font shape `JY1/gt/m/it' undefined
(Font)              No change on input line 69.
LaTeX Font Info:    Kanji font shape `JY1/gt/m/it' undefined
(Font)              No change on input line 72.
LaTeX Font Info:    Kanji font shape `JY1/gt/m/it' undefined
(Font)              No change on input line 75.

Underfull \hbox (badness 3724) in paragraph at lines 75--76
[]\OT1/ptm/m/n/8 B. Kann, S. Castellanos-Paez, and P. La-landa, ``Eval-u-a-tion of
 []


Underfull \hbox (badness 1990) in paragraph at lines 75--76
\OT1/ptm/m/n/8 regularization-based con-tin-ual learn-ing ap-proaches: Ap-pli-ca-tion to
 []

[11]
LaTeX Font Info:    Kanji font shape `JY1/gt/m/it' undefined
(Font)              No change on input line 78.
LaTeX Font Info:    Kanji font shape `JY1/gt/m/it' undefined
(Font)              No change on input line 81.
LaTeX Font Info:    Kanji font shape `JY1/gt/m/it' undefined
(Font)              No change on input line 84.
LaTeX Font Info:    Kanji font shape `JY1/gt/m/it' undefined
(Font)              No change on input line 87.
LaTeX Font Info:    Kanji font shape `JY1/gt/m/it' undefined
(Font)              No change on input line 90.
LaTeX Font Info:    Kanji font shape `JY1/gt/m/it' undefined
(Font)              No change on input line 93.
LaTeX Font Info:    Kanji font shape `JY1/gt/m/it' undefined
(Font)              No change on input line 96.
LaTeX Font Info:    Kanji font shape `JY1/gt/m/it' undefined
(Font)              No change on input line 99.
LaTeX Font Info:    Kanji font shape `JY1/gt/m/it' undefined
(Font)              No change on input line 102.
LaTeX Font Info:    Kanji font shape `JY1/gt/m/it' undefined
(Font)              No change on input line 105.
LaTeX Font Info:    Kanji font shape `JY1/gt/m/it' undefined
(Font)              No change on input line 108.
LaTeX Font Info:    Kanji font shape `JY1/gt/m/it' undefined
(Font)              No change on input line 108.
LaTeX Font Info:    Kanji font shape `JY1/gt/m/it' undefined
(Font)              No change on input line 111.
LaTeX Font Info:    Kanji font shape `JY1/gt/m/it' undefined
(Font)              No change on input line 114.
LaTeX Font Info:    Kanji font shape `JY1/gt/m/it' undefined
(Font)              No change on input line 117.
LaTeX Font Info:    Kanji font shape `JY1/gt/m/it' undefined
(Font)              No change on input line 120.
LaTeX Font Info:    Kanji font shape `JY1/gt/m/it' undefined
(Font)              No change on input line 123.
LaTeX Font Info:    Kanji font shape `JY1/gt/m/it' undefined
(Font)              No change on input line 126.
LaTeX Font Info:    Kanji font shape `JY1/gt/m/it' undefined
(Font)              No change on input line 129.
LaTeX Font Info:    Kanji font shape `JY1/gt/m/it' undefined
(Font)              No change on input line 132.
LaTeX Font Info:    Kanji font shape `JY1/gt/m/it' undefined
(Font)              No change on input line 135.
LaTeX Font Info:    Kanji font shape `JY1/gt/m/it' undefined
(Font)              No change on input line 138.
LaTeX Font Info:    Kanji font shape `JY1/gt/m/it' undefined
(Font)              No change on input line 141.
LaTeX Font Info:    Kanji font shape `JY1/gt/m/it' undefined
(Font)              No change on input line 144.
LaTeX Font Info:    Kanji font shape `JY1/gt/m/it' undefined
(Font)              No change on input line 147.
LaTeX Font Info:    Kanji font shape `JY1/gt/m/it' undefined
(Font)              No change on input line 150.
LaTeX Font Info:    Kanji font shape `JY1/gt/m/it' undefined
(Font)              No change on input line 153.
LaTeX Font Info:    Kanji font shape `JY1/gt/m/it' undefined
(Font)              No change on input line 156.
) [12] (out/previous.aux)
 ***********
pLaTeX2e <2023-02-14>+1, based on
LaTeX2e <2023-11-01> patch level 1
L3 programming layer <2024-02-20>
 ***********

LaTeX Warning: There were undefined references.


LaTeX Warning: Label(s) may have changed. Rerun to get cross-references right.

 ) 
Here is how much of TeX's memory you used:
 5057 strings out of 474774
 85944 string characters out of 5758801
 1998032 words of memory out of 5000000
 27347 multiletter control sequences out of 15000+600000
 598452 words of font info for 150 fonts, out of 8000000 for 9000
 933 hyphenation exceptions out of 8191
 57i,12n,65p,506b,512s stack positions out of 10000i,1000n,20000p,200000b,200000s

Output written on out/previous.dvi (12 pages, 102472 bytes).
